<?xml version="1.0" encoding="UTF-8"?>
<testng-results ignored="0" total="1" passed="1" failed="0" skipped="0">
  <reporter-output>
  </reporter-output>
  <suite started-at="2023-07-13T15:52:16 IST" name="Default suite" finished-at="2023-07-13T15:52:34 IST" duration-ms="18131">
    <groups>
    </groups>
    <test started-at="2023-07-13T15:52:16 IST" name="Default test" finished-at="2023-07-13T15:52:34 IST" duration-ms="18131">
      <class name="Tc.Acti">
        <test-method signature="acti()[pri:0, instance:Tc.Acti@8dbdac1]" started-at="2023-07-13T15:52:16 IST" name="acti" finished-at="2023-07-13T15:52:34 IST" duration-ms="18071" status="PASS">
          <reporter-output>
          </reporter-output>
        </test-method> <!-- acti -->
      </class> <!-- Tc.Acti -->
    </test> <!-- Default test -->
  </suite> <!-- Default suite -->
</testng-results>
